<?xml version="1.0" encoding="UTF-8"?>
<!-- Generated by org.testng.reporters.JUnitReportReporter -->
<testsuite hostname="DESKTOP-HL4JRJF" failures="0" tests="1" name="com.bridgelabz.selenium.FindElement" time="71.224" errors="0" timestamp="2022-08-03T17:39:58 IST" skipped="0">
  <testcase classname="com.bridgelabz.selenium.FindElement" name="findElements_Example" time="71.224"/>
  <system-out/>
</testsuite> <!-- com.bridgelabz.selenium.FindElement -->
