<?xml version="1.0" encoding="UTF-8"?>
<!-- Generated by org.testng.reporters.JUnitReportReporter -->
<testsuite hostname="DESKTOP-HL4JRJF" failures="0" tests="1" name="com.bridgelabz.selenium.Facebook_SignUp" time="70.257" errors="0" timestamp="2022-07-19T20:54:08 IST" skipped="0">
  <testcase classname="com.bridgelabz.selenium.Facebook_SignUp" name="signup" time="70.257"/>
  <system-out/>
</testsuite> <!-- com.bridgelabz.selenium.Facebook_SignUp -->
