<?xml version="1.0" encoding="UTF-8"?>
<!-- Generated by org.testng.reporters.JUnitReportReporter -->
<testsuite hostname="DESKTOP-HL4JRJF" failures="0" tests="1" name="com.bridgelabz.selenium.Wait" time="60.919" errors="0" timestamp="2022-07-31T10:53:47 IST" skipped="0">
  <testcase classname="com.bridgelabz.selenium.Wait" name="emplicit" time="60.919"/>
  <system-out/>
</testsuite> <!-- com.bridgelabz.selenium.Wait -->
