<?xml version="1.0" encoding="UTF-8"?>
<!-- Generated by org.testng.reporters.JUnitReportReporter -->
<testsuite hostname="DESKTOP-HL4JRJF" failures="0" tests="1" name="com.bridgelabz.selenium.User_Input" time="72.062" errors="0" timestamp="2022-07-31T10:43:25 IST" skipped="0">
  <testcase classname="com.bridgelabz.selenium.User_Input" name="prompt_PopUp" time="72.062"/>
  <system-out/>
</testsuite> <!-- com.bridgelabz.selenium.User_Input -->
