<?xml version="1.0" encoding="UTF-8"?>
<!-- Generated by org.testng.reporters.JUnitReportReporter -->
<testsuite hostname="DESKTOP-HL4JRJF" failures="0" tests="1" name="com.bridgelabz.selenium.LaunchBrowser" time="84.336" errors="0" timestamp="2022-07-19T15:56:07 IST" skipped="0">
  <testcase classname="com.bridgelabz.selenium.LaunchBrowser" name="launch" time="84.336"/>
  <system-out/>
</testsuite> <!-- com.bridgelabz.selenium.LaunchBrowser -->
