<?xml version="1.0" encoding="UTF-8"?>
<!-- Generated by org.testng.reporters.JUnitReportReporter -->
<testsuite hostname="DESKTOP-HL4JRJF" failures="0" tests="1" name="com.bridgelabz.selenium.ScrollUpandDown" time="39.586" errors="0" timestamp="2022-07-22T23:04:33 IST" skipped="0">
  <testcase classname="com.bridgelabz.selenium.ScrollUpandDown" name="main" time="39.586"/>
  <system-out/>
</testsuite> <!-- com.bridgelabz.selenium.ScrollUpandDown -->
