<?xml version="1.0" encoding="UTF-8"?>
<!-- Generated by org.testng.reporters.JUnitReportReporter -->
<testsuite hostname="DESKTOP-HL4JRJF" failures="0" tests="1" name="com.bridgelabz.selenium.Facebook_Xpath" time="104.285" errors="0" timestamp="2022-07-22T09:36:01 IST" skipped="0">
  <testcase classname="com.bridgelabz.selenium.Facebook_Xpath" name="login" time="104.285"/>
  <system-out/>
</testsuite> <!-- com.bridgelabz.selenium.Facebook_Xpath -->
