<?xml version="1.0" encoding="UTF-8"?>
<!-- Generated by org.testng.reporters.JUnitReportReporter -->
<testsuite hostname="DESKTOP-HL4JRJF" failures="0" tests="1" name="com.bridgelabz.selenium.Take_screenshot" time="26.043" errors="0" timestamp="2022-07-23T09:47:11 IST" skipped="0">
  <testcase classname="com.bridgelabz.selenium.Take_screenshot" name="screenshot" time="26.043"/>
  <system-out/>
</testsuite> <!-- com.bridgelabz.selenium.Take_screenshot -->
