<?xml version="1.0" encoding="UTF-8"?>
<!-- Generated by org.testng.reporters.JUnitReportReporter -->
<testsuite hostname="DESKTOP-HL4JRJF" failures="0" tests="1" name="com.bridgelabz.selenium.Facebook_Login" time="48.326" errors="0" timestamp="2022-07-19T15:53:19 IST" skipped="0">
  <testcase classname="com.bridgelabz.selenium.Facebook_Login" name="login" time="48.326"/>
  <system-out/>
</testsuite> <!-- com.bridgelabz.selenium.Facebook_Login -->
