<?xml version="1.0" encoding="UTF-8"?>
<!-- Generated by org.testng.reporters.JUnitReportReporter -->
<testsuite hostname="DESKTOP-HL4JRJF" failures="0" tests="1" name="com.bridgelabz.selenium.Facebook_Height_width" time="145.355" errors="0" timestamp="2022-07-22T19:01:38 IST" skipped="0">
  <testcase classname="com.bridgelabz.selenium.Facebook_Height_width" name="username_pass" time="145.355"/>
  <system-out/>
</testsuite> <!-- com.bridgelabz.selenium.Facebook_Height_width -->
