<?xml version="1.0" encoding="UTF-8"?>
<!-- Generated by org.testng.reporters.JUnitReportReporter -->
<testsuite hostname="DESKTOP-HL4JRJF" failures="0" tests="1" name="com.bridgelabz.selenium.Frame_Test" time="15.726" errors="0" timestamp="2022-07-30T10:55:53 IST" skipped="0">
  <testcase classname="com.bridgelabz.selenium.Frame_Test" name="frames_usingAddressFrame" time="15.726"/>
  <system-out/>
</testsuite> <!-- com.bridgelabz.selenium.Frame_Test -->
