<?xml version="1.0" encoding="UTF-8"?>
<!-- Generated by org.testng.reporters.JUnitReportReporter -->
<testsuite hostname="DESKTOP-HL4JRJF" failures="0" tests="1" name="com.bridgelabz.selenium.popUps" time="15.687" errors="0" timestamp="2022-08-03T18:59:19 IST" skipped="0">
  <testcase classname="com.bridgelabz.selenium.popUps" name="FileDownloadInChromeBrowser" time="15.687"/>
  <system-out/>
</testsuite> <!-- com.bridgelabz.selenium.popUps -->
