<?xml version="1.0" encoding="UTF-8"?>
<!-- Generated by org.testng.reporters.JUnitReportReporter -->
<testsuite hostname="DESKTOP-HL4JRJF" failures="0" tests="1" name="com.bridgelabz.selenium.Robot_Class_Methods" time="150.294" errors="0" timestamp="2022-07-21T07:39:44 IST" skipped="0">
  <testcase classname="com.bridgelabz.selenium.Robot_Class_Methods" name="mouseAnsKeyBoardOperator" time="150.294"/>
  <system-out/>
</testsuite> <!-- com.bridgelabz.selenium.Robot_Class_Methods -->
