<?xml version="1.0" encoding="UTF-8"?>
<!-- Generated by org.testng.reporters.JUnitReportReporter -->
<testsuite hostname="DESKTOP-HL4JRJF" failures="0" tests="1" name="com.bridgelabz.selenium.Expected_Page_Displayed" time="28.912" errors="0" timestamp="2022-07-23T09:17:34 IST" skipped="0">
  <testcase classname="com.bridgelabz.selenium.Expected_Page_Displayed" name="expected" time="28.912"/>
  <system-out/>
</testsuite> <!-- com.bridgelabz.selenium.Expected_Page_Displayed -->
